<?xml version="1.0" encoding="UTF-8"?>
<testsuite xmlns:xsi="http://www.w3.org/2001/XMLSchema-instance" xsi:noNamespaceSchemaLocation="https://maven.apache.org/surefire/maven-surefire-plugin/xsd/surefire-test-report.xsd" name="com.hegyi.botond.GameObjectTest" time="0" tests="5" errors="0" skipped="0" failures="0">
  <properties>
[...]
</properties>
  <testcase name="testBoundary" classname="com.hegyi.botond.GameObjectTest" time="0"/>
  <testcase name="testLife" classname="com.hegyi.botond.GameObjectTest" time="0"/>
  <testcase name="testSize" classname="com.hegyi.botond.GameObjectTest" time="0"/>
  <testcase name="testIntersect" classname="com.hegyi.botond.GameObjectTest" time="0"/>
  <testcase name="testPosition" classname="com.hegyi.botond.GameObjectTest" time="0"/>
</testsuite>